C51 COMPILER V9.60.0.0   LCDTIMER                                                          12/06/2020 08:34:03 PAGE 1   


C51 COMPILER V9.60.0.0, COMPILATION OF MODULE LCDTIMER
OBJECT MODULE PLACED IN .\Objects\lcdtimer.obj
COMPILER INVOKED BY: C:\Program Files (x86)\Keil_v5\C51\BIN\C51.EXE src\lcdtimer.c OPTIMIZE(8,SPEED) BROWSE DEBUG OBJECT
                    -EXTEND PRINT(.\Listings\lcdtimer.lst) TABS(2) OBJECT(.\Objects\lcdtimer.obj)

line level    source

   1          #include <reg51.h>//包含头文件reg51.h，定义了51单片机的专用寄存器
   2          #include "lcdtimer.h"
   3          //全局变量定义
   4          unsigned char count = 0; //全局变量，对50ms定时器T1进行计满溢出次数统计
   5          unsigned char miao = 0;  //全局变量，可在所有函数中使用，其值为最后一次执行的结
             -，
   6                                   //是1秒计数统计的变量
   7          unsigned char fen = 0;   //全局变量，分钟统计的变量
   8          unsigned char shi = 0;   //全局变量，小时统计的变量
   9          //函数名：timer_1()
  10          //函数功能：定时器T1中断函数，假设T1在工作方式1下每50ms产生溢出中断
  11          //形式参数：无
  12          //返回值：无
  13          void timer_1() interrupt 3 //50ms定时器T1进入的中断函数，中断序号为3，功能：定时器T
             -1中断函数
  14          {
  15   1          count++;                     //50ms定时器T1每隔50ms进入到这个中断函数，count用于统
             -进入的次数
  16   1          TH1 = (65536 - 50000) / 256; //重新设置T1计数初值高8位，不然定时器T1不会第二次重
             -新开始计数
  17   1          TL1 = (65536 - 50000) % 256; //重新设置T1计数初值低8位
  18   1          if (count == 20)             //当执行了20次后，则表示1s时间到
  19   1          {
  20   2              count = 0; //当统计到20次时，将50ms的计数变量count清0
  21   2              miao++;    //1秒计数变量miao加1
  22   2              if (miao == 60)
  23   2              {
  24   3                  miao = 0;      //当miao计数到60，则从0重新开始计数
  25   3                  fen++;         //分钟fen开始加1
  26   3                  if (fen == 60) //当分钟fen计数到60时，则从0重新开始计数
  27   3                  {
  28   4                      fen = 0;
  29   4                      shi++; //小时shi开始加1
  30   4                      if (shi == 24)
  31   4                          shi = 0; //当时钟shi计数到24时，则从0重新开始计数
  32   4                  }
  33   3              }
  34   2          }
  35   1      }


MODULE INFORMATION:   STATIC OVERLAYABLE
   CODE SIZE        =     51    ----
   CONSTANT SIZE    =   ----    ----
   XDATA SIZE       =   ----    ----
   PDATA SIZE       =   ----    ----
   DATA SIZE        =      4    ----
   IDATA SIZE       =   ----    ----
   BIT SIZE         =   ----    ----
END OF MODULE INFORMATION.


C51 COMPILATION COMPLETE.  0 WARNING(S),  0 ERROR(S)
